0 0.02446606714986232
0.025 0.07581370547875607
0.05 0.07581370547875607
0.075 0.12107022071239043
0.1 0.12107022071239043
0.125 0.17248508559301365
0.15 0.17248508559301365
0.175 0.22241842505838325
0.2 0.22241842505838325
0.225 0.27885881279054914
0.25 0.27885881279054914
0.275 0.3236866389609859
0.3 0.3236866389609859
0.325 0.3710034507255373
0.35 0.3710034507255373
0.375 0.41502561568544777
0.4 0.41502561568544777
0.425 0.460761405012497
0.45 0.460761405012497
0.475 0.5050235204416379
0.5 0.5050235204416379
0.525 0.5479644102593807
0.55 0.5479644102593807
0.575 0.5798808249347546
0.6 0.5798808249347546
0.625 0.6245088214409449
0.65 0.6245088214409449
0.675 0.6693434291192644
0.7 0.6693434291192644
0.725 0.7014310170398145
0.75 0.7014310170398145
0.775 0.7355770094561391
0.8 0.7355770094561391
0.825 0.7672890216689171
0.85 0.7672890216689171
0.875 0.796963650646727
0.9 0.796963650646727
0.925 0.8299242030759078
0.95 0.8299242030759078
0.975 0.8553855289061226
1 0.8553855289061226
1.025 0.8833981982714977
1.05 0.8833981982714977
1.075 0.9028976418089926
1.1 0.9028976418089926
1.125 0.9212123507334288
1.15 0.9212123507334288
1.175 0.9417379544361775
1.2 0.9417379544361775
1.225 0.9589424079234924
1.25 0.9589424079234924
1.275 0.9703852136723596
1.3 0.9703852136723596
1.325 0.9801603593636742
1.35 0.9801603593636742
1.375 0.9889649678254053
1.4 0.9889649678254053
1.425 0.9948482991559814
1.45 0.9948482991559814
1.475 0.9980687806904858
1.5 0.9980687806904858
1.525 0.9987238811085024
1.55 0.9987238811085024
1.575 0.9972000277115997
1.6 0.9972000277115997
1.625 0.9938991942166726
1.65 0.9938991942166726
1.675 0.9874080319675778
1.7 0.9874080319675778
1.725 0.9794317420431973
1.75 0.9794317420431973
1.775 0.9673847935665971
1.8 0.9673847935665971
1.825 0.9536040878476838
1.85 0.9536040878476838
1.875 0.9364279223035054
1.9 0.9364279223035054
1.925 0.9183062955966703
1.95 0.9183062955966703
1.975 0.8958242340012704
2 0.8958242340012704
2.025 0.8709230077856666
2.05 0.8709230077856666
2.075 0.8489119836154317
2.1 0.8489119836154317
2.125 0.8233361892359659
2.15 0.8233361892359659
2.175 0.7888547792869355
2.2 0.7888547792869355
2.225 0.7548449902414309
2.25 0.7548449902414309
2.275 0.7220534434506033
2.3 0.7220534434506033
2.325 0.6879091212363684
2.35 0.6879091212363684
2.375 0.6520259953821944
2.4 0.6520259953821944
2.425 0.620596073180756
2.45 0.620596073180756
2.475 0.5756759543432522
2.5 0.5756759543432522
2.525 0.5340190828802502
2.55 0.5340190828802502
2.575 0.4853447392054542
2.6 0.4853447392054542
2.625 0.44306890126764364
2.65 0.44306890126764364
2.675 0.4023967914277026
2.7 0.4023967914277026
2.725 0.3514459040212464
2.75 0.3514459040212464
2.775 0.3004745160341806
2.8 0.3004745160341806
2.825 0.25741258437131437
2.85 0.25741258437131437
2.875 0.20885443950023197
2.9 0.20885443950023197
2.925 0.15481994083168243
2.95 0.15481994083168243
2.975 0.11377445262258482
3 0.11377445262258482
3.025 0.07050279599242834
3.05 0.07050279599242834
3.075 0.0175960688415116
3.1 0.0175960688415116
3.125 -0.03136266897875136
3.15 -0.03136266897875136
3.175 -0.07674295693321655
3.2 -0.07674295693321655
3.225 -0.12845076280211415
3.25 -0.12845076280211415
3.275 -0.18514972734631086
3.3 -0.18514972734631086
3.325 -0.22622270028213248
3.35 -0.22622270028213248
3.375 -0.2850345216569207
3.4 -0.2850345216569207
3.425 -0.3343604458908627
3.45 -0.3343604458908627
3.475 -0.3792281499472335
3.5 -0.3792281499472335
3.525 -0.41821990446915136
3.55 -0.41821990446915136
3.575 -0.47118951422163563
3.6 -0.47118951422163563
3.625 -0.5143499735606817
3.65 -0.5143499735606817
3.675 -0.5545100673826567
3.7 -0.5545100673826567
3.725 -0.5964291931371394
3.75 -0.5964291931371394
3.775 -0.630910742177934
3.8 -0.630910742177934
3.825 -0.6680873988435357
3.85 -0.6680873988435357
3.875 -0.7107815497538355
3.9 -0.7107815497538355
3.925 -0.7438626603853689
3.95 -0.7438626603853689
3.975 -0.7714455245174947
4 -0.7714455245174947
4.025 -0.8037987721831373
4.05 -0.8037987721831373
4.075 -0.8384601849141753
4.1 -0.8384601849141753
4.125 -0.85942025257013
4.15 -0.85942025257013
4.175 -0.8863770735699354
4.2 -0.8863770735699354
4.225 -0.9056117172760859
4.25 -0.9056117172760859
4.275 -0.9258948714337585
4.3 -0.9258948714337585
4.325 -0.9415164208158069
4.35 -0.9415164208158069
4.375 -0.9591580169146064
4.4 -0.9591580169146064
4.425 -0.9716755074165873
4.45 -0.9716755074165873
4.475 -0.9816299323747748
4.5 -0.9816299323747748
4.525 -0.9897511307452933
4.55 -0.9897511307452933
4.575 -0.9951610303782804
4.6 -0.9951610303782804
4.625 -0.998132589633676
4.65 -0.998132589633676
4.675 -0.9983853105105572
4.7 -0.9983853105105572
4.725 -0.996794514784922
4.75 -0.996794514784922
4.775 -0.9937522545572941
4.8 -0.9937522545572941
4.825 -0.9877998398388635
4.85 -0.9877998398388635
4.875 -0.9818466897506001
4.9 -0.9818466897506001
4.925 -0.9775213770293699
4.95 -0.9775213770293699
4.975 -0.9775213770293699
6279
